<?xml version="1.0" encoding="UTF-8"?>
<!-- Generated by org.testng.reporters.JUnitXMLReporter -->
<testsuite ignored="0" hostname="LAPTOP-MU3EQOKE" failures="0" tests="3" name="Default test" time="9.54" errors="0" timestamp="2021-07-20T15:55:24 GST">
  <testcase classname="WebAssignmentPkg.WebAssignmentMainClass" name="ClickDroppable" time="2.631"/>
  <testcase classname="WebAssignmentPkg.WebAssignmentMainClass" name="ClickSelectable" time="1.121"/>
  <testcase classname="WebAssignmentPkg.WebAssignmentMainClass" name="ClickControlGroup" time="1.109"/>
</testsuite> <!-- Default test -->
